2022-09-18T07:05:19+00:00 CRITICAL Uncaught TypeError: call_user_func_array(): Argument #1 ($callback) must be a valid callback, function "LOOK_ALL_PRODUCTS_ON_SALE!!!" not found or invalid function name in /home/vzdravkovic/public_html/projekat/wp-includes/class-wp-hook.php:307
Stack trace:
#0 /home/vzdravkovic/public_html/projekat/wp-includes/class-wp-hook.php(331): WP_Hook->apply_filters('', Array)
#1 /home/vzdravkovic/public_html/projekat/wp-includes/plugin.php(476): WP_Hook->do_action(Array)
#2 /home/vzdravkovic/public_html/projekat/wp-content/plugins/woocommerce/templates/single-product/add-to-cart/variable.php(85): do_action('woocommerce_aft...')
#3 /home/vzdravkovic/public_html/projekat/wp-content/plugins/woocommerce/includes/wc-core-functions.php(345): include('/home/vzdravkov...')
#4 /home/vzdravkovic/public_html/projekat/wp-content/plugins/woocommerce/includes/wc-template-functions.php(1741): wc_get_template('single-product/...', Array)
#5 /home/vzdravkovic/public_html/projekat/wp-includes/class-wp-hook.php(307): woocommerce_variable_add_to_cart('')
#6 /home/vzdravkovic/public_html/projekat/wp-includes/class-wp-hook.php(331): WP_Hook->apply_filters('', Array)
#7 /home/vzdravkovic/public_html/projekat/wp-includes/plugin.php(476): WP_Hook->do_action(Array)
#8 /home/vzdravkovic/public_html/projekat/wp-content/plugins/woocommerce/includes/wc-template-functions.php(1687): do_action('woocommerce_var...')
#9 /home/vzdravkovic/public_html/projekat/wp-content/themes/Divi/includes/builder/feature/woocommerce-modules.php(1121): woocommerce_template_single_add_to_cart()
#10 /home/vzdravkovic/public_html/projekat/wp-content/themes/Divi/includes/builder/module/woocommerce/AddToCart.php(477): et_builder_wc_render_module_template('woocommerce_tem...', Array, Array)
#11 /home/vzdravkovic/public_html/projekat/wp-content/themes/Divi/includes/builder/module/woocommerce/AddToCart.php(649): ET_Builder_Module_Woocommerce_Add_To_Cart::get_add_to_cart(Array)
#12 /home/vzdravkovic/public_html/projekat/wp-content/themes/Divi/includes/builder/class-et-builder-element.php(3331): ET_Builder_Module_Woocommerce_Add_To_Cart->render(Array, '', 'et_pb_wc_add_to...', '', '', '', '', '')
#13 /home/vzdravkovic/public_html/projekat/wp-includes/shortcodes.php(356): ET_Builder_Element->_render(Array, '', 'et_pb_wc_add_to...')
#14 [internal function]: do_shortcode_tag(Array)
#15 /home/vzdravkovic/public_html/projekat/wp-includes/shortcodes.php(228): preg_replace_callback('/\\[(\\[?)(et_pb_...', 'do_shortcode_ta...', '[et_pb_wc_title...')
#16 /home/vzdravkovic/public_html/projekat/wp-content/themes/Divi/includes/builder/main-structure-elements.php(3784): do_shortcode('[et_pb_wc_title...')
#17 /home/vzdravkovic/public_html/projekat/wp-content/themes/Divi/includes/builder/class-et-builder-element.php(3331): ET_Builder_Column->render(Array, '[et_pb_wc_title...', 'et_pb_column', '', '', '', '', '')
#18 /home/vzdravkovic/public_html/projekat/wp-includes/shortcodes.php(356): ET_Builder_Element->_render(Array, '[et_pb_wc_title...', 'et_pb_column')
#19 [internal function]: do_shortcode_tag(Array)
#20 /home/vzdravkovic/public_html/projekat/wp-includes/shortcodes.php(228): preg_replace_callback('/\\[(\\[?)(et_pb_...', 'do_shortcode_ta...', '[et_pb_column t...')
#21 /home/vzdravkovic/public_html/projekat/wp-content/themes/Divi/includes/builder/main-structure-elements.php(2274): do_shortcode('[et_pb_column t...')
#22 /home/vzdravkovic/public_html/projekat/wp-content/themes/Divi/includes/builder/class-et-builder-element.php(3331): ET_Builder_Row->render(Array, '[et_pb_column t...', 'et_pb_row', '', '', '', '', '')
#23 /home/vzdravkovic/public_html/projekat/wp-includes/shortcodes.php(356): ET_Builder_Element->_render(Array, '[et_pb_column t...', 'et_pb_row')
#24 [internal function]: do_shortcode_tag(Array)
#25 /home/vzdravkovic/public_html/projekat/wp-includes/shortcodes.php(228): preg_replace_callback('/\\[(\\[?)(et_pb_...', 'do_shortcode_ta...', '[et_pb_row colu...')
#26 /home/vzdravkovic/public_html/projekat/wp-content/themes/Divi/includes/builder/main-structure-elements.php(1606): do_shortcode('[et_pb_row colu...')
#27 /home/vzdravkovic/public_html/projekat/wp-content/themes/Divi/includes/builder/class-et-builder-element.php(3331): ET_Builder_Section->render(Array, '[et_pb_row colu...', 'et_pb_section', '', '', '', '', '')
#28 /home/vzdravkovic/public_html/projekat/wp-includes/shortcodes.php(356): ET_Builder_Element->_render(Array, '[et_pb_row colu...', 'et_pb_section')
#29 [internal function]: do_shortcode_tag(Array)
#30 /home/vzdravkovic/public_html/projekat/wp-includes/shortcodes.php(228): preg_replace_callback('/\\[(\\[?)(et_pb_...', 'do_shortcode_ta...', '<div class="et-...')
#31 /home/vzdravkovic/public_html/projekat/wp-includes/class-wp-hook.php(307): do_shortcode('<div class="et-...')
#32 /home/vzdravkovic/public_html/projekat/wp-includes/plugin.php(191): WP_Hook->apply_filters('<div class="et-...', Array)
#33 /home/vzdravkovic/public_html/projekat/wp-content/themes/Divi/includes/builder/core.php(26): apply_filters('et_builder_rend...', '[et_pb_section ...')
#34 /home/vzdravkovic/public_html/projekat/wp-content/themes/Divi/includes/builder/frontend-builder/theme-builder/frontend.php(347): et_builder_render_layout('[et_pb_section ...')
#35 /home/vzdravkovic/public_html/projekat/wp-content/themes/Divi/includes/builder/frontend-builder/theme-builder/frontend.php(506): et_theme_builder_frontend_render_layout('et_body_layout', 210)
#36 /home/vzdravkovic/public_html/projekat/wp-content/themes/Divi/includes/builder/frontend-builder/theme-builder/frontend-body-template.php(10): et_theme_builder_frontend_render_body(210, true, 218)
#37 /home/vzdravkovic/public_html/projekat/wp-includes/template-loader.php(106): include('/home/vzdravkov...')
#38 /home/vzdravkovic/public_html/projekat/wp-blog-header.php(19): require_once('/home/vzdravkov...')
#39 /home/vzdravkovic/public_html/projekat/index.php(17): require('/home/vzdravkov...')
#40 {main}
  thrown in /home/vzdravkovic/public_html/projekat/wp-includes/class-wp-hook.php on line 307

2022-09-18T07:05:25+00:00 CRITICAL Uncaught TypeError: call_user_func_array(): Argument #1 ($callback) must be a valid callback, function "LOOK_ALL_PRODUCTS_ON_SALE!!!" not found or invalid function name in /home/vzdravkovic/public_html/projekat/wp-includes/class-wp-hook.php:307
Stack trace:
#0 /home/vzdravkovic/public_html/projekat/wp-includes/class-wp-hook.php(331): WP_Hook->apply_filters('', Array)
#1 /home/vzdravkovic/public_html/projekat/wp-includes/plugin.php(476): WP_Hook->do_action(Array)
#2 /home/vzdravkovic/public_html/projekat/wp-content/plugins/woocommerce/templates/single-product/add-to-cart/simple.php(54): do_action('woocommerce_aft...')
#3 /home/vzdravkovic/public_html/projekat/wp-content/plugins/woocommerce/includes/wc-core-functions.php(345): include('/home/vzdravkov...')
#4 /home/vzdravkovic/public_html/projekat/wp-content/plugins/woocommerce/includes/wc-template-functions.php(1696): wc_get_template('single-product/...')
#5 /home/vzdravkovic/public_html/projekat/wp-includes/class-wp-hook.php(307): woocommerce_simple_add_to_cart('')
#6 /home/vzdravkovic/public_html/projekat/wp-includes/class-wp-hook.php(331): WP_Hook->apply_filters('', Array)
#7 /home/vzdravkovic/public_html/projekat/wp-includes/plugin.php(476): WP_Hook->do_action(Array)
#8 /home/vzdravkovic/public_html/projekat/wp-content/plugins/woocommerce/includes/wc-template-functions.php(1687): do_action('woocommerce_sim...')
#9 /home/vzdravkovic/public_html/projekat/wp-content/themes/Divi/includes/builder/feature/woocommerce-modules.php(1121): woocommerce_template_single_add_to_cart()
#10 /home/vzdravkovic/public_html/projekat/wp-content/themes/Divi/includes/builder/module/woocommerce/AddToCart.php(477): et_builder_wc_render_module_template('woocommerce_tem...', Array, Array)
#11 /home/vzdravkovic/public_html/projekat/wp-content/themes/Divi/includes/builder/module/woocommerce/AddToCart.php(649): ET_Builder_Module_Woocommerce_Add_To_Cart::get_add_to_cart(Array)
#12 /home/vzdravkovic/public_html/projekat/wp-content/themes/Divi/includes/builder/class-et-builder-element.php(3331): ET_Builder_Module_Woocommerce_Add_To_Cart->render(Array, '', 'et_pb_wc_add_to...', '', '', '', '', '')
#13 /home/vzdravkovic/public_html/projekat/wp-includes/shortcodes.php(356): ET_Builder_Element->_render(Array, '', 'et_pb_wc_add_to...')
#14 [internal function]: do_shortcode_tag(Array)
#15 /home/vzdravkovic/public_html/projekat/wp-includes/shortcodes.php(228): preg_replace_callback('/\\[(\\[?)(et_pb_...', 'do_shortcode_ta...', '[et_pb_wc_title...')
#16 /home/vzdravkovic/public_html/projekat/wp-content/themes/Divi/includes/builder/main-structure-elements.php(3784): do_shortcode('[et_pb_wc_title...')
#17 /home/vzdravkovic/public_html/projekat/wp-content/themes/Divi/includes/builder/class-et-builder-element.php(3331): ET_Builder_Column->render(Array, '[et_pb_wc_title...', 'et_pb_column', '', '', '', '', '')
#18 /home/vzdravkovic/public_html/projekat/wp-includes/shortcodes.php(356): ET_Builder_Element->_render(Array, '[et_pb_wc_title...', 'et_pb_column')
#19 [internal function]: do_shortcode_tag(Array)
#20 /home/vzdravkovic/public_html/projekat/wp-includes/shortcodes.php(228): preg_replace_callback('/\\[(\\[?)(et_pb_...', 'do_shortcode_ta...', '[et_pb_column t...')
#21 /home/vzdravkovic/public_html/projekat/wp-content/themes/Divi/includes/builder/main-structure-elements.php(2274): do_shortcode('[et_pb_column t...')
#22 /home/vzdravkovic/public_html/projekat/wp-content/themes/Divi/includes/builder/class-et-builder-element.php(3331): ET_Builder_Row->render(Array, '[et_pb_column t...', 'et_pb_row', '', '', '', '', '')
#23 /home/vzdravkovic/public_html/projekat/wp-includes/shortcodes.php(356): ET_Builder_Element->_render(Array, '[et_pb_column t...', 'et_pb_row')
#24 [internal function]: do_shortcode_tag(Array)
#25 /home/vzdravkovic/public_html/projekat/wp-includes/shortcodes.php(228): preg_replace_callback('/\\[(\\[?)(et_pb_...', 'do_shortcode_ta...', '[et_pb_row colu...')
#26 /home/vzdravkovic/public_html/projekat/wp-content/themes/Divi/includes/builder/main-structure-elements.php(1606): do_shortcode('[et_pb_row colu...')
#27 /home/vzdravkovic/public_html/projekat/wp-content/themes/Divi/includes/builder/class-et-builder-element.php(3331): ET_Builder_Section->render(Array, '[et_pb_row colu...', 'et_pb_section', '', '', '', '', '')
#28 /home/vzdravkovic/public_html/projekat/wp-includes/shortcodes.php(356): ET_Builder_Element->_render(Array, '[et_pb_row colu...', 'et_pb_section')
#29 [internal function]: do_shortcode_tag(Array)
#30 /home/vzdravkovic/public_html/projekat/wp-includes/shortcodes.php(228): preg_replace_callback('/\\[(\\[?)(et_pb_...', 'do_shortcode_ta...', '<div class="et-...')
#31 /home/vzdravkovic/public_html/projekat/wp-includes/class-wp-hook.php(307): do_shortcode('<div class="et-...')
#32 /home/vzdravkovic/public_html/projekat/wp-includes/plugin.php(191): WP_Hook->apply_filters('<div class="et-...', Array)
#33 /home/vzdravkovic/public_html/projekat/wp-content/themes/Divi/includes/builder/core.php(26): apply_filters('et_builder_rend...', '[et_pb_section ...')
#34 /home/vzdravkovic/public_html/projekat/wp-content/themes/Divi/includes/builder/frontend-builder/theme-builder/frontend.php(347): et_builder_render_layout('[et_pb_section ...')
#35 /home/vzdravkovic/public_html/projekat/wp-content/themes/Divi/includes/builder/frontend-builder/theme-builder/frontend.php(506): et_theme_builder_frontend_render_layout('et_body_layout', 210)
#36 /home/vzdravkovic/public_html/projekat/wp-content/themes/Divi/includes/builder/frontend-builder/theme-builder/frontend-body-template.php(10): et_theme_builder_frontend_render_body(210, true, 218)
#37 /home/vzdravkovic/public_html/projekat/wp-includes/template-loader.php(106): include('/home/vzdravkov...')
#38 /home/vzdravkovic/public_html/projekat/wp-blog-header.php(19): require_once('/home/vzdravkov...')
#39 /home/vzdravkovic/public_html/projekat/index.php(17): require('/home/vzdravkov...')
#40 {main}
  thrown in /home/vzdravkovic/public_html/projekat/wp-includes/class-wp-hook.php on line 307

2022-09-18T07:17:18+00:00 CRITICAL Uncaught TypeError: call_user_func_array(): Argument #1 ($callback) must be a valid callback, function "LOOK_ALL_PRODUCTS_ON_SALE!!!" not found or invalid function name in /home/vzdravkovic/public_html/projekat/wp-includes/class-wp-hook.php:307
Stack trace:
#0 /home/vzdravkovic/public_html/projekat/wp-includes/class-wp-hook.php(331): WP_Hook->apply_filters('', Array)
#1 /home/vzdravkovic/public_html/projekat/wp-includes/plugin.php(476): WP_Hook->do_action(Array)
#2 /home/vzdravkovic/public_html/projekat/wp-content/plugins/woocommerce/templates/single-product/add-to-cart/simple.php(54): do_action('woocommerce_aft...')
#3 /home/vzdravkovic/public_html/projekat/wp-content/plugins/woocommerce/includes/wc-core-functions.php(345): include('/home/vzdravkov...')
#4 /home/vzdravkovic/public_html/projekat/wp-content/plugins/woocommerce/includes/wc-template-functions.php(1696): wc_get_template('single-product/...')
#5 /home/vzdravkovic/public_html/projekat/wp-includes/class-wp-hook.php(307): woocommerce_simple_add_to_cart('')
#6 /home/vzdravkovic/public_html/projekat/wp-includes/class-wp-hook.php(331): WP_Hook->apply_filters('', Array)
#7 /home/vzdravkovic/public_html/projekat/wp-includes/plugin.php(476): WP_Hook->do_action(Array)
#8 /home/vzdravkovic/public_html/projekat/wp-content/plugins/woocommerce/includes/wc-template-functions.php(1687): do_action('woocommerce_sim...')
#9 /home/vzdravkovic/public_html/projekat/wp-content/themes/Divi/includes/builder/feature/woocommerce-modules.php(1121): woocommerce_template_single_add_to_cart()
#10 /home/vzdravkovic/public_html/projekat/wp-content/themes/Divi/includes/builder/module/woocommerce/AddToCart.php(477): et_builder_wc_render_module_template('woocommerce_tem...', Array, Array)
#11 /home/vzdravkovic/public_html/projekat/wp-content/themes/Divi/includes/builder/module/woocommerce/AddToCart.php(649): ET_Builder_Module_Woocommerce_Add_To_Cart::get_add_to_cart(Array)
#12 /home/vzdravkovic/public_html/projekat/wp-content/themes/Divi/includes/builder/class-et-builder-element.php(3331): ET_Builder_Module_Woocommerce_Add_To_Cart->render(Array, '', 'et_pb_wc_add_to...', '', '', '', '', '')
#13 /home/vzdravkovic/public_html/projekat/wp-includes/shortcodes.php(356): ET_Builder_Element->_render(Array, '', 'et_pb_wc_add_to...')
#14 [internal function]: do_shortcode_tag(Array)
#15 /home/vzdravkovic/public_html/projekat/wp-includes/shortcodes.php(228): preg_replace_callback('/\\[(\\[?)(et_pb_...', 'do_shortcode_ta...', '[et_pb_wc_title...')
#16 /home/vzdravkovic/public_html/projekat/wp-content/themes/Divi/includes/builder/main-structure-elements.php(3784): do_shortcode('[et_pb_wc_title...')
#17 /home/vzdravkovic/public_html/projekat/wp-content/themes/Divi/includes/builder/class-et-builder-element.php(3331): ET_Builder_Column->render(Array, '[et_pb_wc_title...', 'et_pb_column', '', '', '', '', '')
#18 /home/vzdravkovic/public_html/projekat/wp-includes/shortcodes.php(356): ET_Builder_Element->_render(Array, '[et_pb_wc_title...', 'et_pb_column')
#19 [internal function]: do_shortcode_tag(Array)
#20 /home/vzdravkovic/public_html/projekat/wp-includes/shortcodes.php(228): preg_replace_callback('/\\[(\\[?)(et_pb_...', 'do_shortcode_ta...', '[et_pb_column t...')
#21 /home/vzdravkovic/public_html/projekat/wp-content/themes/Divi/includes/builder/main-structure-elements.php(2274): do_shortcode('[et_pb_column t...')
#22 /home/vzdravkovic/public_html/projekat/wp-content/themes/Divi/includes/builder/class-et-builder-element.php(3331): ET_Builder_Row->render(Array, '[et_pb_column t...', 'et_pb_row', '', '', '', '', '')
#23 /home/vzdravkovic/public_html/projekat/wp-includes/shortcodes.php(356): ET_Builder_Element->_render(Array, '[et_pb_column t...', 'et_pb_row')
#24 [internal function]: do_shortcode_tag(Array)
#25 /home/vzdravkovic/public_html/projekat/wp-includes/shortcodes.php(228): preg_replace_callback('/\\[(\\[?)(et_pb_...', 'do_shortcode_ta...', '[et_pb_row colu...')
#26 /home/vzdravkovic/public_html/projekat/wp-content/themes/Divi/includes/builder/main-structure-elements.php(1606): do_shortcode('[et_pb_row colu...')
#27 /home/vzdravkovic/public_html/projekat/wp-content/themes/Divi/includes/builder/class-et-builder-element.php(3331): ET_Builder_Section->render(Array, '[et_pb_row colu...', 'et_pb_section', '', '', '', '', '')
#28 /home/vzdravkovic/public_html/projekat/wp-includes/shortcodes.php(356): ET_Builder_Element->_render(Array, '[et_pb_row colu...', 'et_pb_section')
#29 [internal function]: do_shortcode_tag(Array)
#30 /home/vzdravkovic/public_html/projekat/wp-includes/shortcodes.php(228): preg_replace_callback('/\\[(\\[?)(et_pb_...', 'do_shortcode_ta...', '<div class="et-...')
#31 /home/vzdravkovic/public_html/projekat/wp-includes/class-wp-hook.php(307): do_shortcode('<div class="et-...')
#32 /home/vzdravkovic/public_html/projekat/wp-includes/plugin.php(191): WP_Hook->apply_filters('<div class="et-...', Array)
#33 /home/vzdravkovic/public_html/projekat/wp-content/themes/Divi/includes/builder/core.php(26): apply_filters('et_builder_rend...', '[et_pb_section ...')
#34 /home/vzdravkovic/public_html/projekat/wp-content/themes/Divi/includes/builder/frontend-builder/theme-builder/frontend.php(347): et_builder_render_layout('[et_pb_section ...')
#35 /home/vzdravkovic/public_html/projekat/wp-content/themes/Divi/includes/builder/frontend-builder/theme-builder/frontend.php(506): et_theme_builder_frontend_render_layout('et_body_layout', 210)
#36 /home/vzdravkovic/public_html/projekat/wp-content/themes/Divi/includes/builder/frontend-builder/theme-builder/frontend-body-template.php(10): et_theme_builder_frontend_render_body(210, true, 218)
#37 /home/vzdravkovic/public_html/projekat/wp-includes/template-loader.php(106): include('/home/vzdravkov...')
#38 /home/vzdravkovic/public_html/projekat/wp-blog-header.php(19): require_once('/home/vzdravkov...')
#39 /home/vzdravkovic/public_html/projekat/index.php(17): require('/home/vzdravkov...')
#40 {main}
  thrown in /home/vzdravkovic/public_html/projekat/wp-includes/class-wp-hook.php on line 307

2022-09-18T07:22:35+00:00 CRITICAL Uncaught TypeError: call_user_func_array(): Argument #1 ($callback) must be a valid callback, function "look_all_products_on_sale!!!" not found or invalid function name in /home/vzdravkovic/public_html/projekat/wp-includes/class-wp-hook.php:307
Stack trace:
#0 /home/vzdravkovic/public_html/projekat/wp-includes/class-wp-hook.php(331): WP_Hook->apply_filters('', Array)
#1 /home/vzdravkovic/public_html/projekat/wp-includes/plugin.php(476): WP_Hook->do_action(Array)
#2 /home/vzdravkovic/public_html/projekat/wp-content/plugins/woocommerce/templates/single-product/add-to-cart/simple.php(54): do_action('woocommerce_aft...')
#3 /home/vzdravkovic/public_html/projekat/wp-content/plugins/woocommerce/includes/wc-core-functions.php(345): include('/home/vzdravkov...')
#4 /home/vzdravkovic/public_html/projekat/wp-content/plugins/woocommerce/includes/wc-template-functions.php(1696): wc_get_template('single-product/...')
#5 /home/vzdravkovic/public_html/projekat/wp-includes/class-wp-hook.php(307): woocommerce_simple_add_to_cart('')
#6 /home/vzdravkovic/public_html/projekat/wp-includes/class-wp-hook.php(331): WP_Hook->apply_filters('', Array)
#7 /home/vzdravkovic/public_html/projekat/wp-includes/plugin.php(476): WP_Hook->do_action(Array)
#8 /home/vzdravkovic/public_html/projekat/wp-content/plugins/woocommerce/includes/wc-template-functions.php(1687): do_action('woocommerce_sim...')
#9 /home/vzdravkovic/public_html/projekat/wp-content/themes/Divi/includes/builder/feature/woocommerce-modules.php(1121): woocommerce_template_single_add_to_cart()
#10 /home/vzdravkovic/public_html/projekat/wp-content/themes/Divi/includes/builder/module/woocommerce/AddToCart.php(477): et_builder_wc_render_module_template('woocommerce_tem...', Array, Array)
#11 /home/vzdravkovic/public_html/projekat/wp-content/themes/Divi/includes/builder/module/woocommerce/AddToCart.php(649): ET_Builder_Module_Woocommerce_Add_To_Cart::get_add_to_cart(Array)
#12 /home/vzdravkovic/public_html/projekat/wp-content/themes/Divi/includes/builder/class-et-builder-element.php(3331): ET_Builder_Module_Woocommerce_Add_To_Cart->render(Array, '', 'et_pb_wc_add_to...', '', '', '', '', '')
#13 /home/vzdravkovic/public_html/projekat/wp-includes/shortcodes.php(356): ET_Builder_Element->_render(Array, '', 'et_pb_wc_add_to...')
#14 [internal function]: do_shortcode_tag(Array)
#15 /home/vzdravkovic/public_html/projekat/wp-includes/shortcodes.php(228): preg_replace_callback('/\\[(\\[?)(et_pb_...', 'do_shortcode_ta...', '[et_pb_wc_title...')
#16 /home/vzdravkovic/public_html/projekat/wp-content/themes/Divi/includes/builder/main-structure-elements.php(3784): do_shortcode('[et_pb_wc_title...')
#17 /home/vzdravkovic/public_html/projekat/wp-content/themes/Divi/includes/builder/class-et-builder-element.php(3331): ET_Builder_Column->render(Array, '[et_pb_wc_title...', 'et_pb_column', '', '', '', '', '')
#18 /home/vzdravkovic/public_html/projekat/wp-includes/shortcodes.php(356): ET_Builder_Element->_render(Array, '[et_pb_wc_title...', 'et_pb_column')
#19 [internal function]: do_shortcode_tag(Array)
#20 /home/vzdravkovic/public_html/projekat/wp-includes/shortcodes.php(228): preg_replace_callback('/\\[(\\[?)(et_pb_...', 'do_shortcode_ta...', '[et_pb_column t...')
#21 /home/vzdravkovic/public_html/projekat/wp-content/themes/Divi/includes/builder/main-structure-elements.php(2274): do_shortcode('[et_pb_column t...')
#22 /home/vzdravkovic/public_html/projekat/wp-content/themes/Divi/includes/builder/class-et-builder-element.php(3331): ET_Builder_Row->render(Array, '[et_pb_column t...', 'et_pb_row', '', '', '', '', '')
#23 /home/vzdravkovic/public_html/projekat/wp-includes/shortcodes.php(356): ET_Builder_Element->_render(Array, '[et_pb_column t...', 'et_pb_row')
#24 [internal function]: do_shortcode_tag(Array)
#25 /home/vzdravkovic/public_html/projekat/wp-includes/shortcodes.php(228): preg_replace_callback('/\\[(\\[?)(et_pb_...', 'do_shortcode_ta...', '[et_pb_row colu...')
#26 /home/vzdravkovic/public_html/projekat/wp-content/themes/Divi/includes/builder/main-structure-elements.php(1606): do_shortcode('[et_pb_row colu...')
#27 /home/vzdravkovic/public_html/projekat/wp-content/themes/Divi/includes/builder/class-et-builder-element.php(3331): ET_Builder_Section->render(Array, '[et_pb_row colu...', 'et_pb_section', '', '', '', '', '')
#28 /home/vzdravkovic/public_html/projekat/wp-includes/shortcodes.php(356): ET_Builder_Element->_render(Array, '[et_pb_row colu...', 'et_pb_section')
#29 [internal function]: do_shortcode_tag(Array)
#30 /home/vzdravkovic/public_html/projekat/wp-includes/shortcodes.php(228): preg_replace_callback('/\\[(\\[?)(et_pb_...', 'do_shortcode_ta...', '<div class="et-...')
#31 /home/vzdravkovic/public_html/projekat/wp-includes/class-wp-hook.php(307): do_shortcode('<div class="et-...')
#32 /home/vzdravkovic/public_html/projekat/wp-includes/plugin.php(191): WP_Hook->apply_filters('<div class="et-...', Array)
#33 /home/vzdravkovic/public_html/projekat/wp-content/themes/Divi/includes/builder/core.php(26): apply_filters('et_builder_rend...', '[et_pb_section ...')
#34 /home/vzdravkovic/public_html/projekat/wp-content/themes/Divi/includes/builder/frontend-builder/theme-builder/frontend.php(347): et_builder_render_layout('[et_pb_section ...')
#35 /home/vzdravkovic/public_html/projekat/wp-content/themes/Divi/includes/builder/frontend-builder/theme-builder/frontend.php(506): et_theme_builder_frontend_render_layout('et_body_layout', 210)
#36 /home/vzdravkovic/public_html/projekat/wp-content/themes/Divi/includes/builder/frontend-builder/theme-builder/frontend-body-template.php(10): et_theme_builder_frontend_render_body(210, true, 218)
#37 /home/vzdravkovic/public_html/projekat/wp-includes/template-loader.php(106): include('/home/vzdravkov...')
#38 /home/vzdravkovic/public_html/projekat/wp-blog-header.php(19): require_once('/home/vzdravkov...')
#39 /home/vzdravkovic/public_html/projekat/index.php(17): require('/home/vzdravkov...')
#40 {main}
  thrown in /home/vzdravkovic/public_html/projekat/wp-includes/class-wp-hook.php on line 307

2022-09-18T07:22:40+00:00 CRITICAL Uncaught TypeError: call_user_func_array(): Argument #1 ($callback) must be a valid callback, function "look_all_products_on_sale!!!" not found or invalid function name in /home/vzdravkovic/public_html/projekat/wp-includes/class-wp-hook.php:307
Stack trace:
#0 /home/vzdravkovic/public_html/projekat/wp-includes/class-wp-hook.php(331): WP_Hook->apply_filters('', Array)
#1 /home/vzdravkovic/public_html/projekat/wp-includes/plugin.php(476): WP_Hook->do_action(Array)
#2 /home/vzdravkovic/public_html/projekat/wp-content/plugins/woocommerce/templates/single-product/add-to-cart/variable.php(85): do_action('woocommerce_aft...')
#3 /home/vzdravkovic/public_html/projekat/wp-content/plugins/woocommerce/includes/wc-core-functions.php(345): include('/home/vzdravkov...')
#4 /home/vzdravkovic/public_html/projekat/wp-content/plugins/woocommerce/includes/wc-template-functions.php(1741): wc_get_template('single-product/...', Array)
#5 /home/vzdravkovic/public_html/projekat/wp-includes/class-wp-hook.php(307): woocommerce_variable_add_to_cart('')
#6 /home/vzdravkovic/public_html/projekat/wp-includes/class-wp-hook.php(331): WP_Hook->apply_filters('', Array)
#7 /home/vzdravkovic/public_html/projekat/wp-includes/plugin.php(476): WP_Hook->do_action(Array)
#8 /home/vzdravkovic/public_html/projekat/wp-content/plugins/woocommerce/includes/wc-template-functions.php(1687): do_action('woocommerce_var...')
#9 /home/vzdravkovic/public_html/projekat/wp-content/themes/Divi/includes/builder/feature/woocommerce-modules.php(1121): woocommerce_template_single_add_to_cart()
#10 /home/vzdravkovic/public_html/projekat/wp-content/themes/Divi/includes/builder/module/woocommerce/AddToCart.php(477): et_builder_wc_render_module_template('woocommerce_tem...', Array, Array)
#11 /home/vzdravkovic/public_html/projekat/wp-content/themes/Divi/includes/builder/module/woocommerce/AddToCart.php(649): ET_Builder_Module_Woocommerce_Add_To_Cart::get_add_to_cart(Array)
#12 /home/vzdravkovic/public_html/projekat/wp-content/themes/Divi/includes/builder/class-et-builder-element.php(3331): ET_Builder_Module_Woocommerce_Add_To_Cart->render(Array, '', 'et_pb_wc_add_to...', '', '', '', '', '')
#13 /home/vzdravkovic/public_html/projekat/wp-includes/shortcodes.php(356): ET_Builder_Element->_render(Array, '', 'et_pb_wc_add_to...')
#14 [internal function]: do_shortcode_tag(Array)
#15 /home/vzdravkovic/public_html/projekat/wp-includes/shortcodes.php(228): preg_replace_callback('/\\[(\\[?)(et_pb_...', 'do_shortcode_ta...', '[et_pb_wc_title...')
#16 /home/vzdravkovic/public_html/projekat/wp-content/themes/Divi/includes/builder/main-structure-elements.php(3784): do_shortcode('[et_pb_wc_title...')
#17 /home/vzdravkovic/public_html/projekat/wp-content/themes/Divi/includes/builder/class-et-builder-element.php(3331): ET_Builder_Column->render(Array, '[et_pb_wc_title...', 'et_pb_column', '', '', '', '', '')
#18 /home/vzdravkovic/public_html/projekat/wp-includes/shortcodes.php(356): ET_Builder_Element->_render(Array, '[et_pb_wc_title...', 'et_pb_column')
#19 [internal function]: do_shortcode_tag(Array)
#20 /home/vzdravkovic/public_html/projekat/wp-includes/shortcodes.php(228): preg_replace_callback('/\\[(\\[?)(et_pb_...', 'do_shortcode_ta...', '[et_pb_column t...')
#21 /home/vzdravkovic/public_html/projekat/wp-content/themes/Divi/includes/builder/main-structure-elements.php(2274): do_shortcode('[et_pb_column t...')
#22 /home/vzdravkovic/public_html/projekat/wp-content/themes/Divi/includes/builder/class-et-builder-element.php(3331): ET_Builder_Row->render(Array, '[et_pb_column t...', 'et_pb_row', '', '', '', '', '')
#23 /home/vzdravkovic/public_html/projekat/wp-includes/shortcodes.php(356): ET_Builder_Element->_render(Array, '[et_pb_column t...', 'et_pb_row')
#24 [internal function]: do_shortcode_tag(Array)
#25 /home/vzdravkovic/public_html/projekat/wp-includes/shortcodes.php(228): preg_replace_callback('/\\[(\\[?)(et_pb_...', 'do_shortcode_ta...', '[et_pb_row colu...')
#26 /home/vzdravkovic/public_html/projekat/wp-content/themes/Divi/includes/builder/main-structure-elements.php(1606): do_shortcode('[et_pb_row colu...')
#27 /home/vzdravkovic/public_html/projekat/wp-content/themes/Divi/includes/builder/class-et-builder-element.php(3331): ET_Builder_Section->render(Array, '[et_pb_row colu...', 'et_pb_section', '', '', '', '', '')
#28 /home/vzdravkovic/public_html/projekat/wp-includes/shortcodes.php(356): ET_Builder_Element->_render(Array, '[et_pb_row colu...', 'et_pb_section')
#29 [internal function]: do_shortcode_tag(Array)
#30 /home/vzdravkovic/public_html/projekat/wp-includes/shortcodes.php(228): preg_replace_callback('/\\[(\\[?)(et_pb_...', 'do_shortcode_ta...', '<div class="et-...')
#31 /home/vzdravkovic/public_html/projekat/wp-includes/class-wp-hook.php(307): do_shortcode('<div class="et-...')
#32 /home/vzdravkovic/public_html/projekat/wp-includes/plugin.php(191): WP_Hook->apply_filters('<div class="et-...', Array)
#33 /home/vzdravkovic/public_html/projekat/wp-content/themes/Divi/includes/builder/core.php(26): apply_filters('et_builder_rend...', '[et_pb_section ...')
#34 /home/vzdravkovic/public_html/projekat/wp-content/themes/Divi/includes/builder/frontend-builder/theme-builder/frontend.php(347): et_builder_render_layout('[et_pb_section ...')
#35 /home/vzdravkovic/public_html/projekat/wp-content/themes/Divi/includes/builder/frontend-builder/theme-builder/frontend.php(506): et_theme_builder_frontend_render_layout('et_body_layout', 210)
#36 /home/vzdravkovic/public_html/projekat/wp-content/themes/Divi/includes/builder/frontend-builder/theme-builder/frontend-body-template.php(10): et_theme_builder_frontend_render_body(210, true, 218)
#37 /home/vzdravkovic/public_html/projekat/wp-includes/template-loader.php(106): include('/home/vzdravkov...')
#38 /home/vzdravkovic/public_html/projekat/wp-blog-header.php(19): require_once('/home/vzdravkov...')
#39 /home/vzdravkovic/public_html/projekat/index.php(17): require('/home/vzdravkov...')
#40 {main}
  thrown in /home/vzdravkovic/public_html/projekat/wp-includes/class-wp-hook.php on line 307

2022-09-18T07:22:52+00:00 CRITICAL Uncaught TypeError: call_user_func_array(): Argument #1 ($callback) must be a valid callback, function "look_all_products_on_sale!!!" not found or invalid function name in /home/vzdravkovic/public_html/projekat/wp-includes/class-wp-hook.php:307
Stack trace:
#0 /home/vzdravkovic/public_html/projekat/wp-includes/class-wp-hook.php(331): WP_Hook->apply_filters('', Array)
#1 /home/vzdravkovic/public_html/projekat/wp-includes/plugin.php(476): WP_Hook->do_action(Array)
#2 /home/vzdravkovic/public_html/projekat/wp-content/plugins/woocommerce/templates/single-product/add-to-cart/variable.php(85): do_action('woocommerce_aft...')
#3 /home/vzdravkovic/public_html/projekat/wp-content/plugins/woocommerce/includes/wc-core-functions.php(345): include('/home/vzdravkov...')
#4 /home/vzdravkovic/public_html/projekat/wp-content/plugins/woocommerce/includes/wc-template-functions.php(1741): wc_get_template('single-product/...', Array)
#5 /home/vzdravkovic/public_html/projekat/wp-includes/class-wp-hook.php(307): woocommerce_variable_add_to_cart('')
#6 /home/vzdravkovic/public_html/projekat/wp-includes/class-wp-hook.php(331): WP_Hook->apply_filters('', Array)
#7 /home/vzdravkovic/public_html/projekat/wp-includes/plugin.php(476): WP_Hook->do_action(Array)
#8 /home/vzdravkovic/public_html/projekat/wp-content/plugins/woocommerce/includes/wc-template-functions.php(1687): do_action('woocommerce_var...')
#9 /home/vzdravkovic/public_html/projekat/wp-content/themes/Divi/includes/builder/feature/woocommerce-modules.php(1121): woocommerce_template_single_add_to_cart()
#10 /home/vzdravkovic/public_html/projekat/wp-content/themes/Divi/includes/builder/module/woocommerce/AddToCart.php(477): et_builder_wc_render_module_template('woocommerce_tem...', Array, Array)
#11 /home/vzdravkovic/public_html/projekat/wp-content/themes/Divi/includes/builder/module/woocommerce/AddToCart.php(649): ET_Builder_Module_Woocommerce_Add_To_Cart::get_add_to_cart(Array)
#12 /home/vzdravkovic/public_html/projekat/wp-content/themes/Divi/includes/builder/class-et-builder-element.php(3331): ET_Builder_Module_Woocommerce_Add_To_Cart->render(Array, '', 'et_pb_wc_add_to...', '', '', '', '', '')
#13 /home/vzdravkovic/public_html/projekat/wp-includes/shortcodes.php(356): ET_Builder_Element->_render(Array, '', 'et_pb_wc_add_to...')
#14 [internal function]: do_shortcode_tag(Array)
#15 /home/vzdravkovic/public_html/projekat/wp-includes/shortcodes.php(228): preg_replace_callback('/\\[(\\[?)(et_pb_...', 'do_shortcode_ta...', '[et_pb_wc_title...')
#16 /home/vzdravkovic/public_html/projekat/wp-content/themes/Divi/includes/builder/main-structure-elements.php(3784): do_shortcode('[et_pb_wc_title...')
#17 /home/vzdravkovic/public_html/projekat/wp-content/themes/Divi/includes/builder/class-et-builder-element.php(3331): ET_Builder_Column->render(Array, '[et_pb_wc_title...', 'et_pb_column', '', '', '', '', '')
#18 /home/vzdravkovic/public_html/projekat/wp-includes/shortcodes.php(356): ET_Builder_Element->_render(Array, '[et_pb_wc_title...', 'et_pb_column')
#19 [internal function]: do_shortcode_tag(Array)
#20 /home/vzdravkovic/public_html/projekat/wp-includes/shortcodes.php(228): preg_replace_callback('/\\[(\\[?)(et_pb_...', 'do_shortcode_ta...', '[et_pb_column t...')
#21 /home/vzdravkovic/public_html/projekat/wp-content/themes/Divi/includes/builder/main-structure-elements.php(2274): do_shortcode('[et_pb_column t...')
#22 /home/vzdravkovic/public_html/projekat/wp-content/themes/Divi/includes/builder/class-et-builder-element.php(3331): ET_Builder_Row->render(Array, '[et_pb_column t...', 'et_pb_row', '', '', '', '', '')
#23 /home/vzdravkovic/public_html/projekat/wp-includes/shortcodes.php(356): ET_Builder_Element->_render(Array, '[et_pb_column t...', 'et_pb_row')
#24 [internal function]: do_shortcode_tag(Array)
#25 /home/vzdravkovic/public_html/projekat/wp-includes/shortcodes.php(228): preg_replace_callback('/\\[(\\[?)(et_pb_...', 'do_shortcode_ta...', '[et_pb_row colu...')
#26 /home/vzdravkovic/public_html/projekat/wp-content/themes/Divi/includes/builder/main-structure-elements.php(1606): do_shortcode('[et_pb_row colu...')
#27 /home/vzdravkovic/public_html/projekat/wp-content/themes/Divi/includes/builder/class-et-builder-element.php(3331): ET_Builder_Section->render(Array, '[et_pb_row colu...', 'et_pb_section', '', '', '', '', '')
#28 /home/vzdravkovic/public_html/projekat/wp-includes/shortcodes.php(356): ET_Builder_Element->_render(Array, '[et_pb_row colu...', 'et_pb_section')
#29 [internal function]: do_shortcode_tag(Array)
#30 /home/vzdravkovic/public_html/projekat/wp-includes/shortcodes.php(228): preg_replace_callback('/\\[(\\[?)(et_pb_...', 'do_shortcode_ta...', '<div class="et-...')
#31 /home/vzdravkovic/public_html/projekat/wp-includes/class-wp-hook.php(307): do_shortcode('<div class="et-...')
#32 /home/vzdravkovic/public_html/projekat/wp-includes/plugin.php(191): WP_Hook->apply_filters('<div class="et-...', Array)
#33 /home/vzdravkovic/public_html/projekat/wp-content/themes/Divi/includes/builder/core.php(26): apply_filters('et_builder_rend...', '[et_pb_section ...')
#34 /home/vzdravkovic/public_html/projekat/wp-content/themes/Divi/includes/builder/frontend-builder/theme-builder/frontend.php(347): et_builder_render_layout('[et_pb_section ...')
#35 /home/vzdravkovic/public_html/projekat/wp-content/themes/Divi/includes/builder/frontend-builder/theme-builder/frontend.php(506): et_theme_builder_frontend_render_layout('et_body_layout', 210)
#36 /home/vzdravkovic/public_html/projekat/wp-content/themes/Divi/includes/builder/frontend-builder/theme-builder/frontend-body-template.php(10): et_theme_builder_frontend_render_body(210, true, 218)
#37 /home/vzdravkovic/public_html/projekat/wp-includes/template-loader.php(106): include('/home/vzdravkov...')
#38 /home/vzdravkovic/public_html/projekat/wp-blog-header.php(19): require_once('/home/vzdravkov...')
#39 /home/vzdravkovic/public_html/projekat/index.php(17): require('/home/vzdravkov...')
#40 {main}
  thrown in /home/vzdravkovic/public_html/projekat/wp-includes/class-wp-hook.php on line 307

2022-09-18T21:47:35+00:00 CRITICAL Uncaught Error: Attempt to assign property "api_url" on null in /home/vzdravkovic/public_html/projekat/wp-content/plugins/shortpixel-adaptive-images/includes/actions/page.actions.class.php:52
Stack trace:
#0 [internal function]: ShortPixel\AI\Page\Actions::handleSettings(Array)
#1 /home/vzdravkovic/public_html/projekat/wp-content/plugins/shortpixel-adaptive-images/includes/actions/page.actions.class.php(31): call_user_func(Array, Array)
#2 /home/vzdravkovic/public_html/projekat/wp-includes/class-wp-hook.php(307): ShortPixel\AI\Page\Actions::handle('')
#3 /home/vzdravkovic/public_html/projekat/wp-includes/class-wp-hook.php(331): WP_Hook->apply_filters('', Array)
#4 /home/vzdravkovic/public_html/projekat/wp-includes/plugin.php(476): WP_Hook->do_action(Array)
#5 /home/vzdravkovic/public_html/projekat/wp-admin/admin-ajax.php(187): do_action('wp_ajax_shortpi...')
#6 {main}
  thrown in /home/vzdravkovic/public_html/projekat/wp-content/plugins/shortpixel-adaptive-images/includes/actions/page.actions.class.php on line 52

